<?xml version="1.0" encoding="UTF-8"?>
<testng-results skipped="0" failed="0" total="1" passed="1">
  <reporter-output>
  </reporter-output>
  <suite name="Default suite" duration-ms="6343" started-at="2016-12-16T17:43:57Z" finished-at="2016-12-16T17:44:04Z">
    <groups>
    </groups>
    <test name="Default test" duration-ms="6343" started-at="2016-12-16T17:43:57Z" finished-at="2016-12-16T17:44:04Z">
      <class name="top.fzqblog.test.service.ShuoShuoServiceTest">
        <test-method status="PASS" signature="springTestContextBeforeTestClass()[pri:0, instance:top.fzqblog.test.service.ShuoShuoServiceTest@4a87761d]" name="springTestContextBeforeTestClass" is-config="true" duration-ms="44" started-at="2016-12-17T01:43:57Z" finished-at="2016-12-17T01:43:57Z">
          <reporter-output>
          </reporter-output>
        </test-method> <!-- springTestContextBeforeTestClass -->
        <test-method status="PASS" signature="springTestContextPrepareTestInstance()[pri:0, instance:top.fzqblog.test.service.ShuoShuoServiceTest@4a87761d]" name="springTestContextPrepareTestInstance" is-config="true" duration-ms="5502" started-at="2016-12-17T01:43:57Z" depends-on-methods="org.springframework.test.context.testng.AbstractTestNGSpringContextTests.springTestContextBeforeTestClass" finished-at="2016-12-17T01:44:03Z">
          <reporter-output>
          </reporter-output>
        </test-method> <!-- springTestContextPrepareTestInstance -->
        <test-method status="PASS" signature="springTestContextBeforeTestMethod(java.lang.reflect.Method)[pri:0, instance:top.fzqblog.test.service.ShuoShuoServiceTest@4a87761d]" name="springTestContextBeforeTestMethod" is-config="true" duration-ms="1" started-at="2016-12-17T01:44:03Z" finished-at="2016-12-17T01:44:03Z">
          <params>
            <param index="0">
              <value>
                <![CDATA[public void top.fzqblog.test.service.ShuoShuoServiceTest.findShuoShuosTest()]]>
              </value>
            </param>
          </params>
          <reporter-output>
          </reporter-output>
        </test-method> <!-- springTestContextBeforeTestMethod -->
        <test-method status="PASS" signature="findShuoShuosTest()[pri:0, instance:top.fzqblog.test.service.ShuoShuoServiceTest@4a87761d]" name="findShuoShuosTest" duration-ms="746" started-at="2016-12-17T01:44:03Z" finished-at="2016-12-17T01:44:04Z">
          <reporter-output>
          </reporter-output>
        </test-method> <!-- findShuoShuosTest -->
        <test-method status="PASS" signature="springTestContextAfterTestMethod(java.lang.reflect.Method)[pri:0, instance:top.fzqblog.test.service.ShuoShuoServiceTest@4a87761d]" name="springTestContextAfterTestMethod" is-config="true" duration-ms="2" started-at="2016-12-17T01:44:04Z" finished-at="2016-12-17T01:44:04Z">
          <params>
            <param index="0">
              <value>
                <![CDATA[public void top.fzqblog.test.service.ShuoShuoServiceTest.findShuoShuosTest()]]>
              </value>
            </param>
          </params>
          <reporter-output>
          </reporter-output>
        </test-method> <!-- springTestContextAfterTestMethod -->
        <test-method status="PASS" signature="springTestContextAfterTestClass()[pri:0, instance:top.fzqblog.test.service.ShuoShuoServiceTest@4a87761d]" name="springTestContextAfterTestClass" is-config="true" duration-ms="0" started-at="2016-12-17T01:44:04Z" finished-at="2016-12-17T01:44:04Z">
          <reporter-output>
          </reporter-output>
        </test-method> <!-- springTestContextAfterTestClass -->
      </class> <!-- top.fzqblog.test.service.ShuoShuoServiceTest -->
    </test> <!-- Default test -->
  </suite> <!-- Default suite -->
</testng-results>
